<?xml version="1.0" encoding="UTF-8"?>
<testng-results skipped="0" failed="0" ignored="0" total="1" passed="1">
  <reporter-output>
  </reporter-output>
  <suite name="Default suite" duration-ms="9624" started-at="2017-11-21T02:46:41Z" finished-at="2017-11-21T02:46:51Z">
    <groups>
    </groups>
    <test name="Default test" duration-ms="9624" started-at="2017-11-21T02:46:41Z" finished-at="2017-11-21T02:46:51Z">
      <class name="testCases.Sample">
        <test-method status="PASS" signature="test2()[pri:0, instance:testCases.Sample@39c0f4a]" name="test2" duration-ms="9596" started-at="2017-11-21T08:16:41Z" finished-at="2017-11-21T08:16:51Z">
          <reporter-output>
          </reporter-output>
        </test-method> <!-- test2 -->
      </class> <!-- testCases.Sample -->
    </test> <!-- Default test -->
  </suite> <!-- Default suite -->
</testng-results>
