<?xml version="1.0" encoding="UTF-8"?>
<testng-results skipped="0" failed="0" ignored="0" total="2" passed="2">
  <reporter-output>
  </reporter-output>
  <suite name="Default suite" duration-ms="41" started-at="2017-11-19T18:59:27Z" finished-at="2017-11-19T18:59:27Z">
    <groups>
    </groups>
    <test name="Default test" duration-ms="41" started-at="2017-11-19T18:59:27Z" finished-at="2017-11-19T18:59:27Z">
      <class name="testCases.Sample">
        <test-method status="PASS" signature="test1()[pri:0, instance:testCases.Sample@5ae9a829]" name="test1" duration-ms="12" started-at="2017-11-20T00:29:27Z" finished-at="2017-11-20T00:29:27Z">
          <reporter-output>
          </reporter-output>
        </test-method> <!-- test1 -->
        <test-method status="PASS" signature="test2()[pri:0, instance:testCases.Sample@5ae9a829]" name="test2" duration-ms="2" started-at="2017-11-20T00:29:27Z" finished-at="2017-11-20T00:29:27Z">
          <reporter-output>
          </reporter-output>
        </test-method> <!-- test2 -->
      </class> <!-- testCases.Sample -->
    </test> <!-- Default test -->
  </suite> <!-- Default suite -->
</testng-results>
